<?xml version="1.0" encoding="UTF-8"?>
<testsuite name="com.userregistration.UserRegistrationTest" tests="5" skipped="0" failures="0" errors="0" timestamp="2021-05-30T04:10:52" hostname="LAPTOP-F926MLOJ" time="0.068">
  <properties/>
  <testcase name="givenFirstName_WhenProper_ShouldReturnTrue()" classname="com.userregistration.UserRegistrationTest" time="0.049"/>
  <testcase name="givenLastName_WhenProper_ShouldReturnTrue()" classname="com.userregistration.UserRegistrationTest" time="0.002"/>
  <testcase name="givenPassword_WhenProper_ShouldReturnTrue()" classname="com.userregistration.UserRegistrationTest" time="0.004"/>
  <testcase name="givenPhoneNumber_WhenProper_ShouldReturnTrue()" classname="com.userregistration.UserRegistrationTest" time="0.002"/>
  <testcase name="givenEmail_WhenProper_ShouldReturnTrue()" classname="com.userregistration.UserRegistrationTest" time="0.002"/>
  <system-out><![CDATA[]]></system-out>
  <system-err><![CDATA[]]></system-err>
</testsuite>
