<?xml version="1.0" encoding="UTF-8"?>
<testsuite name="com.userregistration.UserRegistrationTest" tests="5" skipped="0" failures="0" errors="0" timestamp="2021-05-30T03:55:43" hostname="LAPTOP-F926MLOJ" time="0.057">
  <properties/>
  <testcase name="givenFirstName_WhenProper_ShouldReturnTrue()" classname="com.userregistration.UserRegistrationTest" time="0.042"/>
  <testcase name="givenLastName_WhenProper_ShouldReturnTrue()" classname="com.userregistration.UserRegistrationTest" time="0.003"/>
  <testcase name="givenPassword_WhenProper_ShouldReturnTrue()" classname="com.userregistration.UserRegistrationTest" time="0.002"/>
  <testcase name="givenPhoneNumber_WhenProper_ShouldReturnTrue()" classname="com.userregistration.UserRegistrationTest" time="0.001"/>
  <testcase name="givenEmail_WhenProper_ShouldReturnTrue()" classname="com.userregistration.UserRegistrationTest" time="0.001"/>
  <system-out><![CDATA[]]></system-out>
  <system-err><![CDATA[]]></system-err>
</testsuite>
